2011-06-21 00:37:15 Warning: Warning (2): require(/var/www/emovel/app/plugins/cake_ptbr/config/bootstrap.php) [http://php.net/function.require]: failed to open stream: No such file or directory in [/var/www/emovel/app/config/bootstrap.php, line 51]
2011-06-21 00:37:50 Warning: Warning (2): require(/var/www/emovel/app/plugins/cake_ptbr/config/bootstrap.php) [http://php.net/function.require]: failed to open stream: Permission denied in [/var/www/emovel/app/config/bootstrap.php, line 51]
2011-06-21 00:38:37 Warning: Warning (512): /var/www/emovel/app/tmp/cache/ is not writable in [/var/www/emovel/cake/libs/cache/file.php, line 267]
2011-06-21 00:38:37 Warning: Warning (512): /var/www/emovel/app/tmp/cache/persistent/ is not writable in [/var/www/emovel/cake/libs/cache/file.php, line 267]
2011-06-21 00:38:37 Warning: Warning (512): /var/www/emovel/app/tmp/cache/models/ is not writable in [/var/www/emovel/cake/libs/cache/file.php, line 267]
2011-06-21 01:50:30 Warning: Warning (512): <span style="color:Red;text-align:left"><b>Erro:</b> 1054: Unknown column 'nascimento' in 'field list'</span> in [/var/www/emovel/cake/libs/model/datasources/dbo_source.php, line 684]
2011-06-21 01:50:30 Warning: Warning (2): Invalid argument supplied for foreach() in [/var/www/emovel/app/views/pessoas/index.ctp, line 13]
2011-06-21 01:51:11 Warning: Warning (512): <span style="color:Red;text-align:left"><b>Erro:</b> 1054: Unknown column 'nascimento' in 'field list'</span> in [/var/www/emovel/cake/libs/model/datasources/dbo_source.php, line 684]
2011-06-21 01:51:11 Warning: Warning (2): Invalid argument supplied for foreach() in [/var/www/emovel/app/views/pessoa_fisicas/index.ctp, line 15]
2011-06-21 01:52:29 Warning: Warning (512): <span style="color:Red;text-align:left"><b>Erro:</b> 1054: Unknown column 'nascimento' in 'field list'</span> in [/var/www/emovel/cake/libs/model/datasources/dbo_source.php, line 684]
2011-06-21 01:52:55 Warning: Warning (512): <span style="color:Red;text-align:left"><b>Erro:</b> 1054: Unknown column 'nascimento' in 'field list'</span> in [/var/www/emovel/cake/libs/model/datasources/dbo_source.php, line 684]
2011-06-21 01:52:55 Warning: Warning (2): Invalid argument supplied for foreach() in [/var/www/emovel/app/views/pessoas/index.ctp, line 13]
2011-06-22 00:19:59 Warning: Warning (512): <span style="color:Red;text-align:left"><b>Erro:</b> 1062: Duplicate entry 'Rua' for key 'descricao_UNIQUE'</span> in [/var/www/emovel/cake/libs/model/datasources/dbo_source.php, line 684]
2011-06-22 00:21:17 Warning: Warning (512): <span style="color:Red;text-align:left"><b>Erro:</b> 1062: Duplicate entry '36900000' for key 'cep_UNIQUE'</span> in [/var/www/emovel/cake/libs/model/datasources/dbo_source.php, line 684]
2011-06-22 00:24:30 Warning: Warning (512): <span style="color:Red;text-align:left"><b>Erro:</b> 1054: Unknown column 'nascimento' in 'field list'</span> in [/var/www/emovel/cake/libs/model/datasources/dbo_source.php, line 684]
2011-06-22 00:24:30 Warning: Warning (2): Invalid argument supplied for foreach() in [/var/www/emovel/app/views/pessoas/index.ctp, line 13]
2011-06-22 00:24:40 Warning: Warning (512): <span style="color:Red;text-align:left"><b>Erro:</b> 1062: Duplicate entry '0' for key 'PRIMARY'</span> in [/var/www/emovel/cake/libs/model/datasources/dbo_source.php, line 684]
2011-06-22 00:26:45 Warning: Warning (512): <span style="color:Red;text-align:left"><b>Erro:</b> 1146: Table 'emovel.cidades' doesn't exist</span> in [/var/www/emovel/cake/libs/model/datasources/dbo_source.php, line 684]
2011-06-22 00:26:46 Warning: Warning (512): <span style="color:Red;text-align:left"><b>Erro:</b> 1452: Cannot add or update a child row: a foreign key constraint fails (`emovel`.`valor_alugueis`, CONSTRAINT `fk_valor_imoveis_imoveis1` FOREIGN KEY (`imovel_id`) REFERENCES `imoveis` (`id`) ON DELETE NO ACTION ON UPDATE NO ACTION)</span> in [/var/www/emovel/cake/libs/model/datasources/dbo_source.php, line 684]
2011-06-22 00:26:46 Warning: Warning (512): <span style="color:Red;text-align:left"><b>Erro:</b> 1146: Table 'emovel.imoveis' doesn't exist</span> in [/var/www/emovel/cake/libs/model/datasources/dbo_source.php, line 684]
2011-06-22 00:31:53 Warning: Warning (512): <span style="color:Red;text-align:left"><b>Erro:</b> 1054: Unknown column 'nascimento' in 'field list'</span> in [/var/www/emovel/cake/libs/model/datasources/dbo_source.php, line 684]
2011-06-22 00:31:53 Warning: Warning (2): Invalid argument supplied for foreach() in [/var/www/emovel/app/views/pessoas/index.ctp, line 13]
2011-06-22 00:31:53 Warning: Warning (512): <span style="color:Red;text-align:left"><b>Erro:</b> 1054: Unknown column 'nascimento' in 'field list'</span> in [/var/www/emovel/cake/libs/model/datasources/dbo_source.php, line 684]
2011-06-22 00:31:53 Warning: Warning (2): Invalid argument supplied for foreach() in [/var/www/emovel/app/views/pessoas/index.ctp, line 13]
2011-06-22 00:33:08 Warning: Warning (512): <span style="color:Red;text-align:left"><b>Erro:</b> 1062: Duplicate entry '35135000' for key 'cep_UNIQUE'</span> in [/var/www/emovel/cake/libs/model/datasources/dbo_source.php, line 684]
2011-06-22 00:34:23 Warning: Warning (512): <span style="color:Red;text-align:left"><b>Erro:</b> 1054: Unknown column 'nascimento' in 'field list'</span> in [/var/www/emovel/cake/libs/model/datasources/dbo_source.php, line 684]
2011-06-22 00:34:23 Warning: Warning (2): Invalid argument supplied for foreach() in [/var/www/emovel/app/views/pessoas/index.ctp, line 13]
2011-06-22 00:34:43 Warning: Warning (512): <span style="color:Red;text-align:left"><b>Erro:</b> 1054: Unknown column 'nascimento' in 'field list'</span> in [/var/www/emovel/cake/libs/model/datasources/dbo_source.php, line 684]
2011-06-22 00:34:43 Warning: Warning (2): Invalid argument supplied for foreach() in [/var/www/emovel/app/views/pessoas/index.ctp, line 13]
2011-06-22 00:35:32 Warning: Warning (512): <span style="color:Red;text-align:left"><b>Erro:</b> 1054: Unknown column 'nascimento' in 'field list'</span> in [/var/www/emovel/cake/libs/model/datasources/dbo_source.php, line 684]
2011-06-22 00:35:32 Warning: Warning (2): Invalid argument supplied for foreach() in [/var/www/emovel/app/views/pessoas/index.ctp, line 13]
2011-06-22 00:35:47 Warning: Warning (512): <span style="color:Red;text-align:left"><b>Erro:</b> 1054: Unknown column 'nascimento' in 'field list'</span> in [/var/www/emovel/cake/libs/model/datasources/dbo_source.php, line 684]
2011-06-22 00:35:47 Warning: Warning (2): Invalid argument supplied for foreach() in [/var/www/emovel/app/views/pessoas/index.ctp, line 13]
2011-06-22 00:36:06 Warning: Warning (512): <span style="color:Red;text-align:left"><b>Erro:</b> 1054: Unknown column 'nascimento' in 'field list'</span> in [/var/www/emovel/cake/libs/model/datasources/dbo_source.php, line 684]
2011-06-22 00:36:06 Warning: Warning (2): Invalid argument supplied for foreach() in [/var/www/emovel/app/views/pessoas/index.ctp, line 13]
2011-06-22 00:36:18 Warning: Warning (512): <span style="color:Red;text-align:left"><b>Erro:</b> 1054: Unknown column 'nascimento' in 'field list'</span> in [/var/www/emovel/cake/libs/model/datasources/dbo_source.php, line 684]
2011-06-22 00:37:26 Warning: Warning (512): <span style="color:Red;text-align:left"><b>Erro:</b> 1054: Unknown column 'nascimento' in 'field list'</span> in [/var/www/emovel/cake/libs/model/datasources/dbo_source.php, line 684]
2011-06-22 00:37:41 Warning: Warning (512): <span style="color:Red;text-align:left"><b>Erro:</b> 1054: Unknown column 'nascimento' in 'field list'</span> in [/var/www/emovel/cake/libs/model/datasources/dbo_source.php, line 684]
2011-06-22 00:37:43 Warning: Warning (512): <span style="color:Red;text-align:left"><b>Erro:</b> 1054: Unknown column 'nascimento' in 'field list'</span> in [/var/www/emovel/cake/libs/model/datasources/dbo_source.php, line 684]
2011-06-22 00:37:43 Warning: Warning (2): Invalid argument supplied for foreach() in [/var/www/emovel/app/views/pessoa_fisicas/index.ctp, line 15]
2011-06-22 00:37:46 Warning: Warning (512): <span style="color:Red;text-align:left"><b>Erro:</b> 1054: Unknown column 'nascimento' in 'field list'</span> in [/var/www/emovel/cake/libs/model/datasources/dbo_source.php, line 684]
2011-06-22 00:37:46 Warning: Warning (2): Invalid argument supplied for foreach() in [/var/www/emovel/app/views/pessoas/index.ctp, line 13]
2011-06-22 00:40:06 Warning: Warning (512): <span style="color:Red;text-align:left"><b>Erro:</b> 1054: Unknown column 'nascimento' in 'field list'</span> in [/var/www/emovel/cake/libs/model/datasources/dbo_source.php, line 684]
2011-06-22 00:40:06 Warning: Warning (2): Invalid argument supplied for foreach() in [/var/www/emovel/app/views/pessoa_fisicas/index.ctp, line 15]
2011-06-22 00:40:06 Warning: Warning (512): <span style="color:Red;text-align:left"><b>Erro:</b> 1054: Unknown column 'nascimento' in 'field list'</span> in [/var/www/emovel/cake/libs/model/datasources/dbo_source.php, line 684]
2011-06-22 00:40:06 Warning: Warning (2): Invalid argument supplied for foreach() in [/var/www/emovel/app/views/pessoa_fisicas/index.ctp, line 15]
2011-06-22 00:41:31 Warning: Warning (512): <span style="color:Red;text-align:left"><b>Erro:</b> 1054: Unknown column 'nascimento' in 'field list'</span> in [/var/www/emovel/cake/libs/model/datasources/dbo_source.php, line 684]
2011-06-22 00:41:31 Warning: Warning (2): Invalid argument supplied for foreach() in [/var/www/emovel/app/views/pessoa_fisicas/index.ctp, line 15]
2011-06-22 00:41:36 Warning: Warning (512): <span style="color:Red;text-align:left"><b>Erro:</b> 1054: Unknown column 'nascimento' in 'field list'</span> in [/var/www/emovel/cake/libs/model/datasources/dbo_source.php, line 684]
2011-06-22 00:41:36 Warning: Warning (2): Invalid argument supplied for foreach() in [/var/www/emovel/app/views/pessoas/index.ctp, line 13]
2011-06-22 00:42:12 Warning: Warning (512): <span style="color:Red;text-align:left"><b>Erro:</b> 1054: Unknown column 'nascimento' in 'field list'</span> in [/var/www/emovel/cake/libs/model/datasources/dbo_source.php, line 684]
2011-06-22 00:42:12 Warning: Warning (2): Invalid argument supplied for foreach() in [/var/www/emovel/app/views/pessoas/index.ctp, line 13]
2011-06-22 00:42:53 Warning: Warning (512): <span style="color:Red;text-align:left"><b>Erro:</b> 1054: Unknown column 'nascimento' in 'field list'</span> in [/var/www/emovel/cake/libs/model/datasources/dbo_source.php, line 684]
2011-06-22 00:42:53 Warning: Warning (2): Invalid argument supplied for foreach() in [/var/www/emovel/app/views/pessoas/index.ctp, line 13]
2011-06-22 00:45:20 Warning: Warning (512): <span style="color:Red;text-align:left"><b>Erro:</b> 1054: Unknown column 'nascimento' in 'field list'</span> in [/var/www/emovel/cake/libs/model/datasources/dbo_source.php, line 684]
2011-06-22 00:45:20 Warning: Warning (2): Invalid argument supplied for foreach() in [/var/www/emovel/app/views/pessoas/index.ctp, line 13]
2011-06-22 00:46:39 Warning: Warning (512): <span style="color:Red;text-align:left"><b>Erro:</b> 1054: Unknown column 'nascimento' in 'field list'</span> in [/var/www/emovel/cake/libs/model/datasources/dbo_source.php, line 684]
2011-06-22 00:46:39 Warning: Warning (2): Invalid argument supplied for foreach() in [/var/www/emovel/app/views/pessoas/index.ctp, line 13]
2011-06-22 00:47:06 Warning: Warning (512): <span style="color:Red;text-align:left"><b>Erro:</b> 1054: Unknown column 'nascimento' in 'field list'</span> in [/var/www/emovel/cake/libs/model/datasources/dbo_source.php, line 684]
2011-06-22 00:47:06 Warning: Warning (2): Invalid argument supplied for foreach() in [/var/www/emovel/app/views/pessoas/index.ctp, line 13]
2011-06-22 00:49:26 Warning: Warning (512): <span style="color:Red;text-align:left"><b>Erro:</b> 1054: Unknown column 'nascimento' in 'field list'</span> in [/var/www/emovel/cake/libs/model/datasources/dbo_source.php, line 684]
2011-06-22 00:49:39 Warning: Warning (512): <span style="color:Red;text-align:left"><b>Erro:</b> 1054: Unknown column 'nascimento' in 'field list'</span> in [/var/www/emovel/cake/libs/model/datasources/dbo_source.php, line 684]
2011-06-22 00:49:39 Warning: Warning (2): Invalid argument supplied for foreach() in [/var/www/emovel/app/views/pessoa_fisicas/index.ctp, line 15]
2011-06-22 00:49:44 Warning: Warning (512): <span style="color:Red;text-align:left"><b>Erro:</b> 1054: Unknown column 'nascimento' in 'field list'</span> in [/var/www/emovel/cake/libs/model/datasources/dbo_source.php, line 684]
2011-06-22 00:49:44 Warning: Warning (2): Invalid argument supplied for foreach() in [/var/www/emovel/app/views/pessoas/index.ctp, line 13]
2011-06-22 00:57:44 Warning: Warning (512): <span style="color:Red;text-align:left"><b>Erro:</b> 1054: Unknown column 'nascimento' in 'field list'</span> in [/var/www/emovel/cake/libs/model/datasources/dbo_source.php, line 684]
2011-06-22 00:57:44 Warning: Warning (2): Invalid argument supplied for foreach() in [/var/www/emovel/app/views/pessoas/index.ctp, line 13]
2011-06-22 00:57:50 Warning: Warning (512): <span style="color:Red;text-align:left"><b>Erro:</b> 1054: Unknown column 'nascimento' in 'field list'</span> in [/var/www/emovel/cake/libs/model/datasources/dbo_source.php, line 684]
2011-06-22 00:57:50 Warning: Warning (2): Invalid argument supplied for foreach() in [/var/www/emovel/app/views/pessoa_fisicas/index.ctp, line 15]
2011-06-22 00:57:56 Warning: Warning (512): <span style="color:Red;text-align:left"><b>Erro:</b> 1054: Unknown column 'nascimento' in 'field list'</span> in [/var/www/emovel/cake/libs/model/datasources/dbo_source.php, line 684]
2011-06-22 00:57:56 Warning: Warning (2): Invalid argument supplied for foreach() in [/var/www/emovel/app/views/pessoas/index.ctp, line 13]
2011-06-22 00:58:13 Warning: Warning (512): <span style="color:Red;text-align:left"><b>Erro:</b> 1054: Unknown column 'nascimento' in 'field list'</span> in [/var/www/emovel/cake/libs/model/datasources/dbo_source.php, line 684]
2011-06-22 00:58:13 Warning: Warning (2): Invalid argument supplied for foreach() in [/var/www/emovel/app/views/pessoas/index.ctp, line 13]
2011-06-22 00:58:35 Warning: Warning (512): <span style="color:Red;text-align:left"><b>Erro:</b> 1054: Unknown column 'nascimento' in 'field list'</span> in [/var/www/emovel/cake/libs/model/datasources/dbo_source.php, line 684]
2011-06-22 00:58:35 Warning: Warning (2): Invalid argument supplied for foreach() in [/var/www/emovel/app/views/pessoas/index.ctp, line 13]
2011-06-22 01:00:09 Warning: Warning (512): <span style="color:Red;text-align:left"><b>Erro:</b> 1054: Unknown column 'nascimento' in 'field list'</span> in [/var/www/emovel/cake/libs/model/datasources/dbo_source.php, line 684]
2011-06-22 01:00:09 Warning: Warning (2): Invalid argument supplied for foreach() in [/var/www/emovel/app/views/pessoas/index.ctp, line 13]
2011-06-22 01:02:17 Warning: Warning (512): <span style="color:Red;text-align:left"><b>Erro:</b> 1054: Unknown column 'nascimento' in 'field list'</span> in [/var/www/emovel/cake/libs/model/datasources/dbo_source.php, line 684]
2011-06-22 01:02:18 Warning: Warning (2): Invalid argument supplied for foreach() in [/var/www/emovel/app/views/pessoas/index.ctp, line 13]
2011-06-22 22:39:23 Warning: Warning (512): <span style="color:Red;text-align:left"><b>Erro:</b> 1054: Unknown column 'nascimento' in 'field list'</span> in [/var/www/emovel/cake/libs/model/datasources/dbo_source.php, line 684]
2011-06-22 22:43:41 Warning: Warning (512): <span style="color:Red;text-align:left"><b>Erro:</b> 1054: Unknown column 'nascimento' in 'field list'</span> in [/var/www/emovel/cake/libs/model/datasources/dbo_source.php, line 684]
2011-06-22 22:45:00 Warning: Warning (2): Invalid argument supplied for foreach() in [/var/www/emovel/cake/libs/model/model.php, line 574]
2011-06-22 22:45:00 Warning: Warning (512): <span style="color:Red;text-align:left"><b>Erro:</b> 1054: Unknown column 'nascimento' in 'field list'</span> in [/var/www/emovel/cake/libs/model/datasources/dbo_source.php, line 684]
2011-06-22 22:45:03 Warning: Warning (2): Invalid argument supplied for foreach() in [/var/www/emovel/cake/libs/model/model.php, line 574]
2011-06-22 22:45:03 Warning: Warning (512): <span style="color:Red;text-align:left"><b>Erro:</b> 1054: Unknown column 'nascimento' in 'field list'</span> in [/var/www/emovel/cake/libs/model/datasources/dbo_source.php, line 684]
2011-06-22 22:46:35 Warning: Warning (512): <span style="color:Red;text-align:left"><b>Erro:</b> 1054: Unknown column 'nascimento' in 'field list'</span> in [/var/www/emovel/cake/libs/model/datasources/dbo_source.php, line 684]
2011-06-22 22:57:08 Warning: Warning (512): <span style="color:Red;text-align:left"><b>Erro:</b> 1054: Unknown column 'Cidade.nome' in 'order clause'</span> in [/var/www/emovel/cake/libs/model/datasources/dbo_source.php, line 684]
2011-06-22 22:57:08 Warning: Warning (2): Invalid argument supplied for foreach() in [/var/www/emovel/app/views/logradouros/index.ctp, line 15]
2011-06-22 22:58:15 Warning: Warning (512): <span style="color:Red;text-align:left"><b>Erro:</b> 1054: Unknown column 'Cidade.nome' in 'order clause'</span> in [/var/www/emovel/cake/libs/model/datasources/dbo_source.php, line 684]
2011-06-22 22:58:15 Warning: Warning (2): Invalid argument supplied for foreach() in [/var/www/emovel/app/views/logradouros/index.ctp, line 15]
2011-06-23 14:28:43 Warning: Warning (512): <span style="color:Red;text-align:left"><b>Erro:</b> 1054: Unknown column 'nascimento' in 'field list'</span> in [/var/www/emovel/cake/libs/model/datasources/dbo_source.php, line 684]
2011-06-23 14:31:34 Warning: Warning (512): <span style="color:Red;text-align:left"><b>Erro:</b> 1054: Unknown column 'nascimento' in 'field list'</span> in [/var/www/emovel/cake/libs/model/datasources/dbo_source.php, line 684]
2011-06-23 14:32:54 Warning: Warning (512): <span style="color:Red;text-align:left"><b>Erro:</b> 1054: Unknown column 'nascimento' in 'field list'</span> in [/var/www/emovel/cake/libs/model/datasources/dbo_source.php, line 684]
2011-06-23 14:33:31 Warning: Warning (512): <span style="color:Red;text-align:left"><b>Erro:</b> 1054: Unknown column 'nascimento' in 'field list'</span> in [/var/www/emovel/cake/libs/model/datasources/dbo_source.php, line 684]
2011-06-23 14:34:46 Warning: Warning (512): <span style="color:Red;text-align:left"><b>Erro:</b> 1054: Unknown column 'nascimento' in 'field list'</span> in [/var/www/emovel/cake/libs/model/datasources/dbo_source.php, line 684]
2011-06-23 14:37:02 Warning: Warning (512): <span style="color:Red;text-align:left"><b>Erro:</b> 1054: Unknown column 'nascimento' in 'field list'</span> in [/var/www/emovel/cake/libs/model/datasources/dbo_source.php, line 684]
2011-06-23 14:38:01 Warning: Warning (512): <span style="color:Red;text-align:left"><b>Erro:</b> 1054: Unknown column 'nascimento' in 'field list'</span> in [/var/www/emovel/cake/libs/model/datasources/dbo_source.php, line 684]
2011-06-23 14:38:59 Warning: Warning (512): <span style="color:Red;text-align:left"><b>Erro:</b> 1054: Unknown column 'nascimento' in 'field list'</span> in [/var/www/emovel/cake/libs/model/datasources/dbo_source.php, line 684]
2011-06-23 14:39:21 Warning: Warning (512): <span style="color:Red;text-align:left"><b>Erro:</b> 1054: Unknown column 'nascimento' in 'field list'</span> in [/var/www/emovel/cake/libs/model/datasources/dbo_source.php, line 684]
2011-06-23 14:39:40 Warning: Warning (512): <span style="color:Red;text-align:left"><b>Erro:</b> 1054: Unknown column 'nascimento' in 'field list'</span> in [/var/www/emovel/cake/libs/model/datasources/dbo_source.php, line 684]
2011-06-23 14:43:03 Warning: Warning (512): <span style="color:Red;text-align:left"><b>Erro:</b> 1054: Unknown column 'nascimento' in 'field list'</span> in [/var/www/emovel/cake/libs/model/datasources/dbo_source.php, line 684]
